app/build/intermediates/manifest_merge_blame_file/debug/manifest-merger-blame-debug-report.txt
1<?xml version="1.0" encoding="utf-8"?>
2<manifest xmlns:android="http://schemas.android.com/apk/res/android"
3    package="com.ssrdi.co.id.myradboox"
4    android:versionCode="1"
5    android:versionName="1.0" >
6
7    <uses-sdk
8        android:minSdkVersion="20"
8-->src\main\AndroidManifest.xml
9        android:targetSdkVersion="32" />
9-->src\main\AndroidManifest.xml
10
11    <uses-permission android:name="android.permission.INTERNET" />
11-->src\main\AndroidManifest.xml:5:5-67
11-->src\main\AndroidManifest.xml:5:22-64
12
13    <queries>
13-->[com.github.chuckerteam.chucker:library:3.5.2] AndroidManifest.xml:7:5-13:15
14        <intent>
14-->[com.github.chuckerteam.chucker:library:3.5.2] AndroidManifest.xml:8:9-12:18
15            <action android:name="android.intent.action.CREATE_DOCUMENT" />
15-->[com.github.chuckerteam.chucker:library:3.5.2] AndroidManifest.xml:9:13-76
15-->[com.github.chuckerteam.chucker:library:3.5.2] AndroidManifest.xml:9:21-73
16
17            <data android:mimeType="*/*" />
17-->[com.github.chuckerteam.chucker:library:3.5.2] AndroidManifest.xml:11:13-44
17-->[com.github.chuckerteam.chucker:library:3.5.2] AndroidManifest.xml:11:19-41
18        </intent>
19    </queries>
20
21    <application
21-->src\main\AndroidManifest.xml:7:5-98:19
22        android:allowBackup="true"
22-->src\main\AndroidManifest.xml:8:9-35
23        android:appComponentFactory="androidx.core.app.CoreComponentFactory"
23-->[androidx.core:core:1.7.0] AndroidManifest.xml:24:18-86
24        android:dataExtractionRules="@xml/data_extraction_rules"
24-->src\main\AndroidManifest.xml:9:9-65
25        android:debuggable="true"
26        android:fullBackupContent="@xml/backup_rules"
26-->src\main\AndroidManifest.xml:10:9-54
27        android:icon="@mipmap/ic_launcher"
27-->src\main\AndroidManifest.xml:11:9-43
28        android:label="@string/app_name"
28-->src\main\AndroidManifest.xml:12:9-41
29        android:roundIcon="@mipmap/ic_launcher_round"
29-->src\main\AndroidManifest.xml:13:9-54
30        android:supportsRtl="true"
30-->src\main\AndroidManifest.xml:14:9-35
31        android:testOnly="true"
32        android:theme="@style/Theme.MyRadbooX" >
32-->src\main\AndroidManifest.xml:15:9-47
33        <activity
33-->src\main\AndroidManifest.xml:17:9-23:20
34            android:name="com.ssrdi.co.id.myradboox.ExpiredActivity"
34-->src\main\AndroidManifest.xml:18:13-44
35            android:exported="false" >
35-->src\main\AndroidManifest.xml:19:13-37
36            <meta-data
36-->src\main\AndroidManifest.xml:20:13-22:36
37                android:name="android.app.lib_name"
37-->src\main\AndroidManifest.xml:21:17-52
38                android:value="" />
38-->src\main\AndroidManifest.xml:22:17-33
39        </activity>
40        <activity
40-->src\main\AndroidManifest.xml:24:9-31:20
41            android:name="com.ssrdi.co.id.myradboox.LogoffActivity"
41-->src\main\AndroidManifest.xml:25:13-43
42            android:exported="false"
42-->src\main\AndroidManifest.xml:26:13-37
43            android:theme="@style/Theme.MaterialComponents.Translucent" >
43-->src\main\AndroidManifest.xml:27:13-72
44            <meta-data
44-->src\main\AndroidManifest.xml:20:13-22:36
45                android:name="android.app.lib_name"
45-->src\main\AndroidManifest.xml:21:17-52
46                android:value="" />
46-->src\main\AndroidManifest.xml:22:17-33
47        </activity>
48        <activity
48-->src\main\AndroidManifest.xml:32:9-38:20
49            android:name="com.ssrdi.co.id.myradboox.AdminActivity"
49-->src\main\AndroidManifest.xml:33:13-42
50            android:exported="false" >
50-->src\main\AndroidManifest.xml:34:13-37
51            <meta-data
51-->src\main\AndroidManifest.xml:20:13-22:36
52                android:name="android.app.lib_name"
52-->src\main\AndroidManifest.xml:21:17-52
53                android:value="" />
53-->src\main\AndroidManifest.xml:22:17-33
54        </activity>
55        <activity
55-->src\main\AndroidManifest.xml:39:9-45:20
56            android:name="com.ssrdi.co.id.myradboox.OperatorActivity"
56-->src\main\AndroidManifest.xml:40:13-45
57            android:exported="false" >
57-->src\main\AndroidManifest.xml:41:13-37
58            <meta-data
58-->src\main\AndroidManifest.xml:20:13-22:36
59                android:name="android.app.lib_name"
59-->src\main\AndroidManifest.xml:21:17-52
60                android:value="" />
60-->src\main\AndroidManifest.xml:22:17-33
61        </activity>
62        <activity
62-->src\main\AndroidManifest.xml:46:9-52:20
63            android:name="com.ssrdi.co.id.myradboox.KasirActivity"
63-->src\main\AndroidManifest.xml:47:13-42
64            android:exported="false" >
64-->src\main\AndroidManifest.xml:48:13-37
65            <meta-data
65-->src\main\AndroidManifest.xml:20:13-22:36
66                android:name="android.app.lib_name"
66-->src\main\AndroidManifest.xml:21:17-52
67                android:value="" />
67-->src\main\AndroidManifest.xml:22:17-33
68        </activity>
69        <activity
69-->src\main\AndroidManifest.xml:53:9-59:20
70            android:name="com.ssrdi.co.id.myradboox.ResellerActivity"
70-->src\main\AndroidManifest.xml:54:13-45
71            android:exported="false" >
71-->src\main\AndroidManifest.xml:55:13-37
72            <meta-data
72-->src\main\AndroidManifest.xml:20:13-22:36
73                android:name="android.app.lib_name"
73-->src\main\AndroidManifest.xml:21:17-52
74                android:value="" />
74-->src\main\AndroidManifest.xml:22:17-33
75        </activity>
76        <activity
76-->src\main\AndroidManifest.xml:60:9-82:20
77            android:name="com.ssrdi.co.id.myradboox.SplashScreenActivity"
77-->src\main\AndroidManifest.xml:61:13-49
78            android:exported="true"
78-->src\main\AndroidManifest.xml:62:13-36
79            android:theme="@style/SplashScreen" >
79-->src\main\AndroidManifest.xml:63:13-48
80
81            <!--
82             intent launcher tiap apps hanya ada 1, jika ada 2 intent launcher, maka nanti icon
83             appsnya yang muncul ada 2
84            -->
85            <intent-filter>
85-->src\main\AndroidManifest.xml:69:13-77:29
86                <action android:name="android.intent.action.MAIN" />
86-->src\main\AndroidManifest.xml:70:17-69
86-->src\main\AndroidManifest.xml:70:25-66
87
88                <!--
89                 intent.category.LAUNCHER  ini gunanya buat menentukan activity mana yang pertama kali dipanggil ketika user
90                 pencet icon pada hp androidnya
91                -->
92                <category android:name="android.intent.category.LAUNCHER" />
92-->src\main\AndroidManifest.xml:76:17-77
92-->src\main\AndroidManifest.xml:76:27-74
93            </intent-filter>
94
95            <meta-data
95-->src\main\AndroidManifest.xml:20:13-22:36
96                android:name="android.app.lib_name"
96-->src\main\AndroidManifest.xml:21:17-52
97                android:value="" />
97-->src\main\AndroidManifest.xml:22:17-33
98        </activity>
99        <activity
99-->src\main\AndroidManifest.xml:83:9-91:20
100            android:name="com.ssrdi.co.id.myradboox.VerificationActivity"
100-->src\main\AndroidManifest.xml:84:13-49
101            android:exported="true"
101-->src\main\AndroidManifest.xml:85:13-36
102            android:theme="@style/VerificationPage" >
102-->src\main\AndroidManifest.xml:86:13-52
103            <meta-data
103-->src\main\AndroidManifest.xml:20:13-22:36
104                android:name="android.app.lib_name"
104-->src\main\AndroidManifest.xml:21:17-52
105                android:value="" />
105-->src\main\AndroidManifest.xml:22:17-33
106        </activity>
107        <activity
107-->src\main\AndroidManifest.xml:92:9-97:15
108            android:name="com.ssrdi.co.id.myradboox.LoginActivity"
108-->src\main\AndroidManifest.xml:93:13-42
109            android:exported="true"
109-->src\main\AndroidManifest.xml:94:13-36
110            android:theme="@style/LoginPage" />
110-->src\main\AndroidManifest.xml:95:13-45
111        <activity
111-->[com.github.chuckerteam.chucker:library:3.5.2] AndroidManifest.xml:16:9-21:52
112            android:name="com.chuckerteam.chucker.internal.ui.MainActivity"
112-->[com.github.chuckerteam.chucker:library:3.5.2] AndroidManifest.xml:17:13-76
113            android:label="@string/chucker_name"
113-->[com.github.chuckerteam.chucker:library:3.5.2] AndroidManifest.xml:18:13-49
114            android:launchMode="singleTask"
114-->[com.github.chuckerteam.chucker:library:3.5.2] AndroidManifest.xml:19:13-44
115            android:taskAffinity="com.chuckerteam.chucker.task"
115-->[com.github.chuckerteam.chucker:library:3.5.2] AndroidManifest.xml:20:13-64
116            android:theme="@style/Chucker.Theme" />
116-->[com.github.chuckerteam.chucker:library:3.5.2] AndroidManifest.xml:21:13-49
117        <activity
117-->[com.github.chuckerteam.chucker:library:3.5.2] AndroidManifest.xml:22:9-25:52
118            android:name="com.chuckerteam.chucker.internal.ui.transaction.TransactionActivity"
118-->[com.github.chuckerteam.chucker:library:3.5.2] AndroidManifest.xml:23:13-95
119            android:parentActivityName="com.chuckerteam.chucker.internal.ui.MainActivity"
119-->[com.github.chuckerteam.chucker:library:3.5.2] AndroidManifest.xml:24:13-90
120            android:theme="@style/Chucker.Theme" />
120-->[com.github.chuckerteam.chucker:library:3.5.2] AndroidManifest.xml:25:13-49
121        <activity
121-->[com.github.chuckerteam.chucker:library:3.5.2] AndroidManifest.xml:26:9-29:52
122            android:name="com.chuckerteam.chucker.internal.ui.throwable.ThrowableActivity"
122-->[com.github.chuckerteam.chucker:library:3.5.2] AndroidManifest.xml:27:13-91
123            android:parentActivityName="com.chuckerteam.chucker.internal.ui.MainActivity"
123-->[com.github.chuckerteam.chucker:library:3.5.2] AndroidManifest.xml:28:13-90
124            android:theme="@style/Chucker.Theme" />
124-->[com.github.chuckerteam.chucker:library:3.5.2] AndroidManifest.xml:29:13-49
125
126        <service
126-->[com.github.chuckerteam.chucker:library:3.5.2] AndroidManifest.xml:31:9-33:40
127            android:name="com.chuckerteam.chucker.internal.support.ClearDatabaseService"
127-->[com.github.chuckerteam.chucker:library:3.5.2] AndroidManifest.xml:32:13-89
128            android:exported="false" />
128-->[com.github.chuckerteam.chucker:library:3.5.2] AndroidManifest.xml:33:13-37
129
130        <provider
130-->[com.github.chuckerteam.chucker:library:3.5.2] AndroidManifest.xml:35:9-43:20
131            android:name="com.chuckerteam.chucker.internal.support.ChuckerFileProvider"
131-->[com.github.chuckerteam.chucker:library:3.5.2] AndroidManifest.xml:36:13-88
132            android:authorities="com.ssrdi.co.id.myradboox.com.chuckerteam.chucker.provider"
132-->[com.github.chuckerteam.chucker:library:3.5.2] AndroidManifest.xml:37:13-84
133            android:exported="false"
133-->[com.github.chuckerteam.chucker:library:3.5.2] AndroidManifest.xml:38:13-37
134            android:grantUriPermissions="true" >
134-->[com.github.chuckerteam.chucker:library:3.5.2] AndroidManifest.xml:39:13-47
135            <meta-data
135-->[com.github.chuckerteam.chucker:library:3.5.2] AndroidManifest.xml:40:13-42:66
136                android:name="android.support.FILE_PROVIDER_PATHS"
136-->[com.github.chuckerteam.chucker:library:3.5.2] AndroidManifest.xml:41:17-67
137                android:resource="@xml/chucker_provider_paths" />
137-->[com.github.chuckerteam.chucker:library:3.5.2] AndroidManifest.xml:42:17-63
138        </provider>
139
140        <uses-library
140-->[androidx.window:window:1.0.0] AndroidManifest.xml:25:9-27:40
141            android:name="androidx.window.extensions"
141-->[androidx.window:window:1.0.0] AndroidManifest.xml:26:13-54
142            android:required="false" />
142-->[androidx.window:window:1.0.0] AndroidManifest.xml:27:13-37
143        <uses-library
143-->[androidx.window:window:1.0.0] AndroidManifest.xml:28:9-30:40
144            android:name="androidx.window.sidecar"
144-->[androidx.window:window:1.0.0] AndroidManifest.xml:29:13-51
145            android:required="false" />
145-->[androidx.window:window:1.0.0] AndroidManifest.xml:30:13-37
146
147        <provider
147-->[androidx.emoji2:emoji2:1.0.0] AndroidManifest.xml:26:9-34:20
148            android:name="androidx.startup.InitializationProvider"
148-->[androidx.emoji2:emoji2:1.0.0] AndroidManifest.xml:27:13-67
149            android:authorities="com.ssrdi.co.id.myradboox.androidx-startup"
149-->[androidx.emoji2:emoji2:1.0.0] AndroidManifest.xml:28:13-68
150            android:exported="false" >
150-->[androidx.emoji2:emoji2:1.0.0] AndroidManifest.xml:29:13-37
151            <meta-data
151-->[androidx.emoji2:emoji2:1.0.0] AndroidManifest.xml:31:13-33:52
152                android:name="androidx.emoji2.text.EmojiCompatInitializer"
152-->[androidx.emoji2:emoji2:1.0.0] AndroidManifest.xml:32:17-75
153                android:value="androidx.startup" />
153-->[androidx.emoji2:emoji2:1.0.0] AndroidManifest.xml:33:17-49
154            <meta-data
154-->[androidx.lifecycle:lifecycle-process:2.4.0] AndroidManifest.xml:31:13-33:52
155                android:name="androidx.lifecycle.ProcessLifecycleInitializer"
155-->[androidx.lifecycle:lifecycle-process:2.4.0] AndroidManifest.xml:32:17-78
156                android:value="androidx.startup" />
156-->[androidx.lifecycle:lifecycle-process:2.4.0] AndroidManifest.xml:33:17-49
157        </provider>
158
159        <service
159-->[androidx.room:room-runtime:2.3.0] AndroidManifest.xml:25:9-28:40
160            android:name="androidx.room.MultiInstanceInvalidationService"
160-->[androidx.room:room-runtime:2.3.0] AndroidManifest.xml:26:13-74
161            android:directBootAware="true"
161-->[androidx.room:room-runtime:2.3.0] AndroidManifest.xml:27:13-43
162            android:exported="false" />
162-->[androidx.room:room-runtime:2.3.0] AndroidManifest.xml:28:13-37
163    </application>
164
165</manifest>